include\assert.h
include\conio.h
include\ctype.h
include\dir.h
include\direct.h
include\dirent.h
include\dos.h
include\errno.h
include\excpt.h
include\fcntl.h
include\fenv.h
include\float.h
include\inttypes.h
include\io.h
include\limits.h
include\locale.h
include\malloc.h
include\math.h
include\mem.h
include\memory.h
include\process.h
include\setjmp.h
include\share.h
include\signal.h
include\stdarg.h
include\stdbool.h
include\stddef.h
include\stdint.h
include\stdio.h
include\stdlib.h
include\string.h
include\tcclib.h
include\tchar.h
include\time.h
include\vadefs.h
include\values.h
include\varargs.h
include\wchar.h
include\wctype.h
include\_mingw.h
Скопировано файлов:        40.
include\sec_api\conio_s.h
include\sec_api\crtdbg_s.h
include\sec_api\io_s.h
include\sec_api\mbstring_s.h
include\sec_api\search_s.h
include\sec_api\stdio_s.h
include\sec_api\stdlib_s.h
include\sec_api\stralign_s.h
include\sec_api\string_s.h
include\sec_api\tchar_s.h
include\sec_api\time_s.h
include\sec_api\wchar_s.h
Скопировано файлов:        12.
include\sec_api\sys\timeb_s.h
Скопировано файлов:         1.
include\sys\fcntl.h
include\sys\file.h
include\sys\locking.h
include\sys\stat.h
include\sys\time.h
include\sys\timeb.h
include\sys\types.h
include\sys\unistd.h
include\sys\utime.h
Скопировано файлов:         9.
include\winapi\basetsd.h
include\winapi\basetyps.h
include\winapi\guiddef.h
include\winapi\intrin.h
include\winapi\poppack.h
include\winapi\pshpack1.h
include\winapi\pshpack2.h
include\winapi\pshpack4.h
include\winapi\pshpack8.h
include\winapi\reason.h
include\winapi\specstrings.h
include\winapi\stralign.h
include\winapi\tvout.h
include\winapi\winbase.h
include\winapi\wincon.h
include\winapi\windef.h
include\winapi\windows.h
include\winapi\winerror.h
include\winapi\wingdi.h
include\winapi\winnetwk.h
include\winapi\winnls.h
include\winapi\winnt.h
include\winapi\winreg.h
include\winapi\winuser.h
include\winapi\winver.h
Скопировано файлов:        25.
libtcc\libtcc.a
libtcc\libtcc.def
libtcc\libtcc.h
libtcc\zlist.h
Скопировано файлов:         4.
lib\chkstk.S
lib\crt1.c
lib\dllcrt1.c
lib\dllmain.c
lib\gdi32.def
lib\kernel32.def
lib\libtcc1.a
lib\msvcrt.def
lib\user32.def
lib\wincrt1.c
Скопировано файлов:        10.
Скопировано файлов:         1.
Скопировано файлов:         1.
